----------

Fri Jan 01 2021 16:38:16 GMT+0800 (Philippine Standard Time)

error: src refspec main does not match any
error: failed to push some refs to 'git@github.com:raketbizdev/ruelnopal.github.io.git'


----------

Fri Jan 01 2021 16:38:23 GMT+0800 (Philippine Standard Time)

error: src refspec main does not match any
error: failed to push some refs to 'git@github.com:raketbizdev/ruelnopal.github.io.git'


----------

Fri Jan 01 2021 16:47:37 GMT+0800 (Philippine Standard Time)

To github.com:raketbizdev/raketbizdev.github.io.git
   a12527c..24b9d07  master -> master


----------

Fri Jan 01 2021 16:48:10 GMT+0800 (Philippine Standard Time)

To github.com:raketbizdev/raketbizdev.github.io.git
   24b9d07..c322cb1  master -> master


----------

Fri Jan 01 2021 16:51:05 GMT+0800 (Philippine Standard Time)

To github.com:raketbizdev/raketbizdev.github.io.git
   c322cb1..b27ea47  master -> master


----------

Fri Jan 01 2021 16:51:29 GMT+0800 (Philippine Standard Time)

To github.com:raketbizdev/raketbizdev.github.io.git
   b27ea47..ed4ca09  master -> master


----------

Fri Jan 01 2021 16:51:42 GMT+0800 (Philippine Standard Time)

To github.com:raketbizdev/raketbizdev.github.io.git
   ed4ca09..d792c63  master -> master


----------

Fri Jan 01 2021 18:01:22 GMT+0800 (Philippine Standard Time)

To github.com:raketbizdev/raketbizdev.github.io.git
 ! [rejected]        master -> master (fetch first)
error: failed to push some refs to 'git@github.com:raketbizdev/raketbizdev.github.io.git'
hint: Updates were rejected because the remote contains work that you do
hint: not have locally. This is usually caused by another repository pushing
hint: to the same ref. You may want to first integrate the remote changes
hint: (e.g., 'git pull ...') before pushing again.
hint: See the 'Note about fast-forwards' in 'git push --help' for details.


----------

Fri Jan 01 2021 18:01:27 GMT+0800 (Philippine Standard Time)

To github.com:raketbizdev/raketbizdev.github.io.git
 ! [rejected]        master -> master (fetch first)
error: failed to push some refs to 'git@github.com:raketbizdev/raketbizdev.github.io.git'
hint: Updates were rejected because the remote contains work that you do
hint: not have locally. This is usually caused by another repository pushing
hint: to the same ref. You may want to first integrate the remote changes
hint: (e.g., 'git pull ...') before pushing again.
hint: See the 'Note about fast-forwards' in 'git push --help' for details.


----------

Fri Jan 01 2021 18:28:52 GMT+0800 (Philippine Standard Time)

To github.com:raketbizdev/raketbizdev.github.io.git
 ! [rejected]        master -> master (fetch first)
error: failed to push some refs to 'git@github.com:raketbizdev/raketbizdev.github.io.git'
hint: Updates were rejected because the remote contains work that you do
hint: not have locally. This is usually caused by another repository pushing
hint: to the same ref. You may want to first integrate the remote changes
hint: (e.g., 'git pull ...') before pushing again.
hint: See the 'Note about fast-forwards' in 'git push --help' for details.


----------

Fri Jan 01 2021 18:28:56 GMT+0800 (Philippine Standard Time)

To github.com:raketbizdev/raketbizdev.github.io.git
 ! [rejected]        master -> master (fetch first)
error: failed to push some refs to 'git@github.com:raketbizdev/raketbizdev.github.io.git'
hint: Updates were rejected because the remote contains work that you do
hint: not have locally. This is usually caused by another repository pushing
hint: to the same ref. You may want to first integrate the remote changes
hint: (e.g., 'git pull ...') before pushing again.
hint: See the 'Note about fast-forwards' in 'git push --help' for details.


----------

Fri Jan 01 2021 18:54:42 GMT+0800 (Philippine Standard Time)

To github.com:raketbizdev/raketbizdev.github.io.git
 ! [rejected]        master -> master (fetch first)
error: failed to push some refs to 'git@github.com:raketbizdev/raketbizdev.github.io.git'
hint: Updates were rejected because the remote contains work that you do
hint: not have locally. This is usually caused by another repository pushing
hint: to the same ref. You may want to first integrate the remote changes
hint: (e.g., 'git pull ...') before pushing again.
hint: See the 'Note about fast-forwards' in 'git push --help' for details.


----------

Fri Jan 01 2021 18:54:48 GMT+0800 (Philippine Standard Time)

To github.com:raketbizdev/raketbizdev.github.io.git
 ! [rejected]        master -> master (fetch first)
error: failed to push some refs to 'git@github.com:raketbizdev/raketbizdev.github.io.git'
hint: Updates were rejected because the remote contains work that you do
hint: not have locally. This is usually caused by another repository pushing
hint: to the same ref. You may want to first integrate the remote changes
hint: (e.g., 'git pull ...') before pushing again.
hint: See the 'Note about fast-forwards' in 'git push --help' for details.


----------

Fri Jan 01 2021 18:54:52 GMT+0800 (Philippine Standard Time)

To github.com:raketbizdev/raketbizdev.github.io.git
 ! [rejected]        master -> master (fetch first)
error: failed to push some refs to 'git@github.com:raketbizdev/raketbizdev.github.io.git'
hint: Updates were rejected because the remote contains work that you do
hint: not have locally. This is usually caused by another repository pushing
hint: to the same ref. You may want to first integrate the remote changes
hint: (e.g., 'git pull ...') before pushing again.
hint: See the 'Note about fast-forwards' in 'git push --help' for details.


----------

Fri Jan 01 2021 18:55:18 GMT+0800 (Philippine Standard Time)

To github.com:raketbizdev/raketbizdev.github.io.git
 ! [rejected]        master -> master (fetch first)
error: failed to push some refs to 'git@github.com:raketbizdev/raketbizdev.github.io.git'
hint: Updates were rejected because the remote contains work that you do
hint: not have locally. This is usually caused by another repository pushing
hint: to the same ref. You may want to first integrate the remote changes
hint: (e.g., 'git pull ...') before pushing again.
hint: See the 'Note about fast-forwards' in 'git push --help' for details.


----------

Fri Jan 01 2021 18:55:20 GMT+0800 (Philippine Standard Time)

To github.com:raketbizdev/raketbizdev.github.io.git
 ! [rejected]        master -> master (fetch first)
error: failed to push some refs to 'git@github.com:raketbizdev/raketbizdev.github.io.git'
hint: Updates were rejected because the remote contains work that you do
hint: not have locally. This is usually caused by another repository pushing
hint: to the same ref. You may want to first integrate the remote changes
hint: (e.g., 'git pull ...') before pushing again.
hint: See the 'Note about fast-forwards' in 'git push --help' for details.


----------

Fri Jan 01 2021 18:57:51 GMT+0800 (Philippine Standard Time)

To github.com:raketbizdev/raketbizdev.github.io.git
 ! [rejected]        master -> master (fetch first)
error: failed to push some refs to 'git@github.com:raketbizdev/raketbizdev.github.io.git'
hint: Updates were rejected because the remote contains work that you do


----------

Fri Jan 01 2021 18:57:51 GMT+0800 (Philippine Standard Time)

hint: not have locally. This is usually caused by another repository pushing
hint: to the same ref. You may want to first integrate the remote changes
hint: (e.g., 'git pull ...') before pushing again.
hint: See the 'Note about fast-forwards' in 'git push --help' for details.


----------

Fri Jan 01 2021 18:57:55 GMT+0800 (Philippine Standard Time)

To github.com:raketbizdev/raketbizdev.github.io.git
 ! [rejected]        master -> master (fetch first)
error: failed to push some refs to 'git@github.com:raketbizdev/raketbizdev.github.io.git'
hint: Updates were rejected because the remote contains work that you do
hint: not have locally. This is usually caused by another repository pushing
hint: to the same ref. You may want to first integrate the remote changes
hint: (e.g., 'git pull ...') before pushing again.
hint: See the 'Note about fast-forwards' in 'git push --help' for details.


----------

Fri Jan 01 2021 19:00:39 GMT+0800 (Philippine Standard Time)

To github.com:raketbizdev/raketbizdev.github.io.git
 ! [rejected]        master -> master (fetch first)
error: failed to push some refs to 'git@github.com:raketbizdev/raketbizdev.github.io.git'
hint: Updates were rejected because the remote contains work that you do
hint: not have locally. This is usually caused by another repository pushing
hint: to the same ref. You may want to first integrate the remote changes
hint: (e.g., 'git pull ...') before pushing again.
hint: See the 'Note about fast-forwards' in 'git push --help' for details.


----------

Fri Jan 01 2021 19:01:04 GMT+0800 (Philippine Standard Time)

To github.com:raketbizdev/raketbizdev.github.io.git
 ! [rejected]        master -> master (fetch first)
error: failed to push some refs to 'git@github.com:raketbizdev/raketbizdev.github.io.git'
hint: Updates were rejected because the remote contains work that you do
hint: not have locally. This is usually caused by another repository pushing
hint: to the same ref. You may want to first integrate the remote changes
hint: (e.g., 'git pull ...') before pushing again.
hint: See the 'Note about fast-forwards' in 'git push --help' for details.


----------

Fri Jan 01 2021 19:01:35 GMT+0800 (Philippine Standard Time)

To github.com:raketbizdev/raketbizdev.github.io.git
 ! [rejected]        master -> master (fetch first)
error: failed to push some refs to 'git@github.com:raketbizdev/raketbizdev.github.io.git'
hint: Updates were rejected because the remote contains work that you do
hint: not have locally. This is usually caused by another repository pushing
hint: to the same ref. You may want to first integrate the remote changes
hint: (e.g., 'git pull ...') before pushing again.
hint: See the 'Note about fast-forwards' in 'git push --help' for details.


----------

Fri Jan 01 2021 19:01:51 GMT+0800 (Philippine Standard Time)

To github.com:raketbizdev/raketbizdev.github.io.git
 ! [rejected]        master -> master (fetch first)
error: failed to push some refs to 'git@github.com:raketbizdev/raketbizdev.github.io.git'
hint: Updates were rejected because the remote contains work that you do
hint: not have locally. This is usually caused by another repository pushing
hint: to the same ref. You may want to first integrate the remote changes
hint: (e.g., 'git pull ...') before pushing again.
hint: See the 'Note about fast-forwards' in 'git push --help' for details.


----------

Fri Jan 01 2021 19:02:05 GMT+0800 (Philippine Standard Time)

To github.com:raketbizdev/raketbizdev.github.io.git
 ! [rejected]        master -> master (fetch first)
error: failed to push some refs to 'git@github.com:raketbizdev/raketbizdev.github.io.git'
hint: Updates were rejected because the remote contains work that you do
hint: not have locally. This is usually caused by another repository pushing
hint: to the same ref. You may want to first integrate the remote changes
hint: (e.g., 'git pull ...') before pushing again.
hint: See the 'Note about fast-forwards' in 'git push --help' for details.


----------

Fri Jan 01 2021 19:02:09 GMT+0800 (Philippine Standard Time)

To github.com:raketbizdev/raketbizdev.github.io.git
 ! [rejected]        master -> master (fetch first)
error: failed to push some refs to 'git@github.com:raketbizdev/raketbizdev.github.io.git'
hint: Updates were rejected because the remote contains work that you do
hint: not have locally. This is usually caused by another repository pushing
hint: to the same ref. You may want to first integrate the remote changes
hint: (e.g., 'git pull ...') before pushing again.
hint: See the 'Note about fast-forwards' in 'git push --help' for details.


----------

Fri Jan 01 2021 19:02:41 GMT+0800 (Philippine Standard Time)

To github.com:raketbizdev/raketbizdev.github.io.git
 ! [rejected]        master -> master (fetch first)
error: failed to push some refs to 'git@github.com:raketbizdev/raketbizdev.github.io.git'
hint: Updates were rejected because the remote contains work that you do
hint: not have locally. This is usually caused by another repository pushing
hint: to the same ref. You may want to first integrate the remote changes
hint: (e.g., 'git pull ...') before pushing again.
hint: See the 'Note about fast-forwards' in 'git push --help' for details.


----------

Fri Jan 01 2021 19:02:45 GMT+0800 (Philippine Standard Time)

To github.com:raketbizdev/raketbizdev.github.io.git
 ! [rejected]        master -> master (fetch first)
error: failed to push some refs to 'git@github.com:raketbizdev/raketbizdev.github.io.git'
hint: Updates were rejected because the remote contains work that you do
hint: not have locally. This is usually caused by another repository pushing
hint: to the same ref. You may want to first integrate the remote changes
hint: (e.g., 'git pull ...') before pushing again.
hint: See the 'Note about fast-forwards' in 'git push --help' for details.


----------

Fri Jan 01 2021 19:03:09 GMT+0800 (Philippine Standard Time)

To github.com:raketbizdev/raketbizdev.github.io.git
 ! [rejected]        master -> master (fetch first)
error: failed to push some refs to 'git@github.com:raketbizdev/raketbizdev.github.io.git'
hint: Updates were rejected because the remote contains work that you do
hint: not have locally. This is usually caused by another repository pushing
hint: to the same ref. You may want to first integrate the remote changes
hint: (e.g., 'git pull ...') before pushing again.
hint: See the 'Note about fast-forwards' in 'git push --help' for details.


----------

Fri Jan 01 2021 19:03:13 GMT+0800 (Philippine Standard Time)

To github.com:raketbizdev/raketbizdev.github.io.git
 ! [rejected]        master -> master (fetch first)
error: failed to push some refs to 'git@github.com:raketbizdev/raketbizdev.github.io.git'
hint: Updates were rejected because the remote contains work that you do
hint: not have locally. This is usually caused by another repository pushing
hint: to the same ref. You may want to first integrate the remote changes
hint: (e.g., 'git pull ...') before pushing again.
hint: See the 'Note about fast-forwards' in 'git push --help' for details.


----------

Fri Jan 01 2021 19:03:57 GMT+0800 (Philippine Standard Time)

To github.com:raketbizdev/raketbizdev.github.io.git
 ! [rejected]        master -> master (fetch first)
error: failed to push some refs to 'git@github.com:raketbizdev/raketbizdev.github.io.git'
hint: Updates were rejected because the remote contains work that you do
hint: not have locally. This is usually caused by another repository pushing
hint: to the same ref. You may want to first integrate the remote changes
hint: (e.g., 'git pull ...') before pushing again.
hint: See the 'Note about fast-forwards' in 'git push --help' for details.


----------

Fri Jan 01 2021 19:04:05 GMT+0800 (Philippine Standard Time)

To github.com:raketbizdev/raketbizdev.github.io.git
 ! [rejected]        master -> master (fetch first)
error: failed to push some refs to 'git@github.com:raketbizdev/raketbizdev.github.io.git'
hint: Updates were rejected because the remote contains work that you do
hint: not have locally. This is usually caused by another repository pushing
hint: to the same ref. You may want to first integrate the remote changes
hint: (e.g., 'git pull ...') before pushing again.
hint: See the 'Note about fast-forwards' in 'git push --help' for details.


----------

Fri Jan 01 2021 19:04:13 GMT+0800 (Philippine Standard Time)

To github.com:raketbizdev/raketbizdev.github.io.git
 ! [rejected]        master -> master (fetch first)
error: failed to push some refs to 'git@github.com:raketbizdev/raketbizdev.github.io.git'
hint: Updates were rejected because the remote contains work that you do
hint: not have locally. This is usually caused by another repository pushing
hint: to the same ref. You may want to first integrate the remote changes
hint: (e.g., 'git pull ...') before pushing again.
hint: See the 'Note about fast-forwards' in 'git push --help' for details.


----------

Fri Jan 01 2021 19:04:19 GMT+0800 (Philippine Standard Time)

To github.com:raketbizdev/raketbizdev.github.io.git
 ! [rejected]        master -> master (fetch first)
error: failed to push some refs to 'git@github.com:raketbizdev/raketbizdev.github.io.git'


----------

Fri Jan 01 2021 19:04:19 GMT+0800 (Philippine Standard Time)

hint: Updates were rejected because the remote contains work that you do
hint: not have locally. This is usually caused by another repository pushing
hint: to the same ref. You may want to first integrate the remote changes
hint: (e.g., 'git pull ...') before pushing again.
hint: See the 'Note about fast-forwards' in 'git push --help' for details.


----------

Fri Jan 01 2021 19:56:30 GMT+0800 (Philippine Standard Time)

To github.com:raketbizdev/raketbizdev.github.io.git
   844817a..d17d63b  master -> master


----------

Fri Jan 01 2021 19:56:30 GMT+0800 (Philippine Standard Time)

To github.com:raketbizdev/raketbizdev.github.io.git
 ! [remote rejected] master -> master (cannot lock ref 'refs/heads/master': is at d17d63b782074c1f57910b0912045910cf49f39f but expected 844817aa3ab975248bdf61f8b551b1aba6a08ed4)


----------

Fri Jan 01 2021 19:56:30 GMT+0800 (Philippine Standard Time)

error: failed to push some refs to 'git@github.com:raketbizdev/raketbizdev.github.io.git'


----------

Fri Jan 01 2021 19:57:15 GMT+0800 (Philippine Standard Time)

To github.com:raketbizdev/raketbizdev.github.io.git
   d17d63b..56d17b5  master -> master


----------

Fri Jan 01 2021 19:57:22 GMT+0800 (Philippine Standard Time)

To github.com:raketbizdev/raketbizdev.github.io.git
   56d17b5..04f01cd  master -> master


----------

Fri Jan 01 2021 20:03:01 GMT+0800 (Philippine Standard Time)

To github.com:raketbizdev/raketbizdev.github.io.git
   04f01cd..ca2b28d  master -> master


----------

Wed Jan 20 2021 13:44:18 GMT+0800 (Philippine Standard Time)

To github.com:raketbizdev/raketbizdev.github.io.git
   ca2b28d..0bf15c0  master -> master


----------

Wed Jan 20 2021 13:44:42 GMT+0800 (Philippine Standard Time)

To github.com:raketbizdev/raketbizdev.github.io.git
   0bf15c0..a269893  master -> master


----------

Wed Jan 20 2021 13:45:03 GMT+0800 (Philippine Standard Time)

To github.com:raketbizdev/raketbizdev.github.io.git
   a269893..56d9934  master -> master


----------

Wed Jan 20 2021 13:57:01 GMT+0800 (Philippine Standard Time)

To github.com:raketbizdev/raketbizdev.github.io.git
   56d9934..5da124d  master -> master


----------

Wed Jan 20 2021 14:32:49 GMT+0800 (Philippine Standard Time)

To github.com:raketbizdev/raketbizdev.github.io.git
   5da124d..f6a80a8  master -> master


----------

Wed Jan 20 2021 14:33:02 GMT+0800 (Philippine Standard Time)

To github.com:raketbizdev/raketbizdev.github.io.git
   f6a80a8..67a0adc  master -> master


----------

Wed Jan 20 2021 14:33:07 GMT+0800 (Philippine Standard Time)

To github.com:raketbizdev/raketbizdev.github.io.git
 ! [remote rejected] master -> master (cannot lock ref 'refs/heads/master': is at 67a0adc3d5d58d59932069473262d39006729baa but expected 5da124d1b4669aae211079bc1557e684bdf9cfd7)


----------

Wed Jan 20 2021 14:33:07 GMT+0800 (Philippine Standard Time)

error: failed to push some refs to 'git@github.com:raketbizdev/raketbizdev.github.io.git'


----------

Wed Jan 20 2021 17:06:23 GMT+0800 (Philippine Standard Time)

To github.com:raketbizdev/raketbizdev.github.io.git
   67a0adc..c0ac41d  master -> master


----------

Wed Jan 20 2021 18:22:15 GMT+0800 (Philippine Standard Time)

To github.com:raketbizdev/raketbizdev.github.io.git
   c0ac41d..a437bf2  master -> master


----------

Wed Jan 20 2021 18:22:17 GMT+0800 (Philippine Standard Time)

To github.com:raketbizdev/raketbizdev.github.io.git
 ! [remote rejected] master -> master (cannot lock ref 'refs/heads/master': is at a437bf22b1913f799d38c32d2332c4361192b4ee but expected c0ac41d528e2658c70262f0f2fdec43a9ab54c6b)


----------

Wed Jan 20 2021 18:22:17 GMT+0800 (Philippine Standard Time)

error: failed to push some refs to 'git@github.com:raketbizdev/raketbizdev.github.io.git'


----------

Wed Jan 20 2021 19:17:34 GMT+0800 (Philippine Standard Time)

To github.com:raketbizdev/raketbizdev.github.io.git
   a437bf2..0d7c7bf  master -> master


----------

Wed Jan 20 2021 22:54:35 GMT+0800 (Philippine Standard Time)

To github.com:raketbizdev/raketbizdev.github.io.git
   0d7c7bf..4a83c40  master -> master


----------

Wed Jan 20 2021 22:54:38 GMT+0800 (Philippine Standard Time)

Everything up-to-date


----------

Wed Jan 20 2021 22:54:47 GMT+0800 (Philippine Standard Time)

To github.com:raketbizdev/raketbizdev.github.io.git
   4a83c40..79b67e6  master -> master


----------

Wed Jan 20 2021 22:57:37 GMT+0800 (Philippine Standard Time)

To github.com:raketbizdev/raketbizdev.github.io.git
   79b67e6..af2e9a8  master -> master


----------

Wed Jan 20 2021 22:57:58 GMT+0800 (Philippine Standard Time)

To github.com:raketbizdev/raketbizdev.github.io.git
   af2e9a8..3c7d8f6  master -> master


----------

Wed Jan 20 2021 22:58:01 GMT+0800 (Philippine Standard Time)

To github.com:raketbizdev/raketbizdev.github.io.git
   3c7d8f6..a172985  master -> master


----------

Wed Jan 20 2021 22:58:04 GMT+0800 (Philippine Standard Time)

To github.com:raketbizdev/raketbizdev.github.io.git
 ! [remote rejected] master -> master (cannot lock ref 'refs/heads/master': is at a172985125335c2611d451e4d7d65ca4bd742228 but expected af2e9a83cbbf9e34843d1ea5b50435dcaab020c5)
error: failed to push some refs to 'git@github.com:raketbizdev/raketbizdev.github.io.git'


----------

Wed Jan 20 2021 22:58:09 GMT+0800 (Philippine Standard Time)

To github.com:raketbizdev/raketbizdev.github.io.git
 ! [remote rejected] master -> master (cannot lock ref 'refs/heads/master': is at a172985125335c2611d451e4d7d65ca4bd742228 but expected af2e9a83cbbf9e34843d1ea5b50435dcaab020c5)
error: failed to push some refs to 'git@github.com:raketbizdev/raketbizdev.github.io.git'


----------

Wed Jan 20 2021 23:03:43 GMT+0800 (Philippine Standard Time)

To github.com:raketbizdev/raketbizdev.github.io.git
   a172985..9dd4daa  master -> master


----------

Wed Jan 20 2021 23:06:21 GMT+0800 (Philippine Standard Time)

To github.com:raketbizdev/raketbizdev.github.io.git
   9dd4daa..c1ea9ab  master -> master


----------

Wed Jan 20 2021 23:06:31 GMT+0800 (Philippine Standard Time)

To github.com:raketbizdev/raketbizdev.github.io.git
   c1ea9ab..5ba80c2  master -> master


----------

Wed Jan 20 2021 23:09:15 GMT+0800 (Philippine Standard Time)

To github.com:raketbizdev/raketbizdev.github.io.git
   5ba80c2..9f1ef0c  master -> master


----------

Wed Jan 20 2021 23:12:37 GMT+0800 (Philippine Standard Time)

To github.com:raketbizdev/raketbizdev.github.io.git
   9f1ef0c..2859a93  master -> master


----------

Wed Jan 20 2021 23:17:58 GMT+0800 (Philippine Standard Time)

To github.com:raketbizdev/raketbizdev.github.io.git
   2859a93..746dc69  master -> master


----------

Wed Jan 20 2021 23:24:09 GMT+0800 (Philippine Standard Time)

To github.com:raketbizdev/raketbizdev.github.io.git
   746dc69..b4190ae  master -> master


----------

Wed Jan 20 2021 23:24:10 GMT+0800 (Philippine Standard Time)

To github.com:raketbizdev/raketbizdev.github.io.git
 ! [remote rejected] master -> master (cannot lock ref 'refs/heads/master': is at b4190aeb19796e32bc00f6fc3c88e3aaea6adfff but expected 746dc69c2b856654bb5ac7c3661f71ad25eaaf3a)
error: failed to push some refs to 'git@github.com:raketbizdev/raketbizdev.github.io.git'


----------

Thu Jan 21 2021 10:42:14 GMT+0800 (Philippine Standard Time)

To github.com:raketbizdev/raketbizdev.github.io.git
   b4190ae..a45e997  master -> master


----------

Fri Jan 22 2021 14:09:44 GMT+0800 (Philippine Standard Time)

To github.com:raketbizdev/raketbizdev.github.io.git
   a45e997..e804121  master -> master


----------

Tue Feb 02 2021 21:17:47 GMT+0800 (Philippine Standard Time)

Host key verification failed.


----------

Tue Feb 02 2021 21:17:47 GMT+0800 (Philippine Standard Time)

fatal: Could not read from remote repository.

Please make sure you have the correct access rights
and the repository exists.


----------

Tue Feb 02 2021 21:18:15 GMT+0800 (Philippine Standard Time)

Host key verification failed.


----------

Tue Feb 02 2021 21:18:15 GMT+0800 (Philippine Standard Time)

fatal: Could not read from remote repository.

Please make sure you have the correct access rights
and the repository exists.


----------

Tue Feb 02 2021 21:18:29 GMT+0800 (Philippine Standard Time)

Host key verification failed.


----------

Tue Feb 02 2021 21:18:29 GMT+0800 (Philippine Standard Time)

fatal: Could not read from remote repository.

Please make sure you have the correct access rights
and the repository exists.


